Running on host compute091.bc4.acrc.priv
Time is Sun Dec  8 16:38:11 GMT 2019
Directory is /mnt/storage/home/md16024/hpc-stencil
Slurm job ID is 2871352

This job runs on the following machines:
compute[091,093]

1k
------------------------------------
 runtime: 0.013526 s
------------------------------------
------------------------------------
 runtime: 0.012677 s
------------------------------------
------------------------------------
 runtime: 0.013785 s
------------------------------------
------------------------------------
 runtime: 0.018656 s
------------------------------------
------------------------------------
 runtime: 0.011590 s
------------------------------------
------------------------------------
 runtime: 0.011319 s
------------------------------------
------------------------------------
 runtime: 0.018104 s
------------------------------------
------------------------------------
 runtime: 0.019475 s
------------------------------------
------------------------------------
 runtime: 0.014543 s
------------------------------------
------------------------------------
 runtime: 0.019563 s
------------------------------------
8k
------------------------------------
 runtime: 0.958947 s
------------------------------------
------------------------------------
 runtime: 1.067887 s
------------------------------------
------------------------------------
 runtime: 0.952108 s
------------------------------------
------------------------------------
 runtime: 0.979300 s
------------------------------------
------------------------------------
 runtime: 1.190951 s
------------------------------------
------------------------------------
 runtime: 0.863221 s
------------------------------------
------------------------------------
 runtime: 1.039499 s
------------------------------------
------------------------------------
 runtime: 0.834990 s
------------------------------------
------------------------------------
 runtime: 1.116354 s
------------------------------------
------------------------------------
 runtime: 0.965481 s
------------------------------------
4k
------------------------------------
 runtime: 0.106180 s
------------------------------------
------------------------------------
 runtime: 0.105558 s
------------------------------------
------------------------------------
 runtime: 0.100382 s
------------------------------------
------------------------------------
 runtime: 0.097429 s
------------------------------------
------------------------------------
 runtime: 0.102879 s
------------------------------------
------------------------------------
 runtime: 0.107920 s
------------------------------------
------------------------------------
 runtime: 0.106211 s
------------------------------------
------------------------------------
 runtime: 0.105181 s
------------------------------------
------------------------------------
 runtime: 0.100064 s
------------------------------------
------------------------------------
 runtime: 0.113272 s
------------------------------------
