<?xml version="1.0" encoding="utf-8"?>
<log version="1.0" tool="runtool">

<msg id="1" tool="runtool">
  <type>log-start</type>
  <arg>2019/10/24 19:30:40</arg>
</msg>
<msg id="2" tool="runtool">
  <type>bandwidth-measurement-starts</type>
</msg>
<msg id="3" tool="runtool">
  <type>bandwidth-measurement-done</type>
</msg>
<msg id="4" tool="runtool">
  <type>collector-starts</type>
</msg>
<msg id="5" tool="runtool">
  <type>marker-file</type>
  <arg>/mnt/storage/home/md16024/intro-hpc-stencil/SlowRes/e000/trc000/trc000.advixe</arg>
</msg>
<msg id="6" tool="trc">
  <type>PROCESS_START</type>
  <arg>/mnt/storage/home/md16024/intro-hpc-stencil/stencil</arg>
  <arg>2311</arg>
  <severity>INFO</severity>
  <timestamp>Thu Oct 24 19:30:49 2019</timestamp>
</msg>
<msg id="7" tool="trc">
  <type>PROCESS_ANALYSIS_MODE</type>
  <arg>full</arg>
  <severity>INFO</severity>
  <timestamp>Thu Oct 24 19:30:49 2019</timestamp>
</msg>
<msg id="8" tool="trc">
  <type>LOAD_MODULE</type>
  <arg>/mnt/storage/home/md16024/intro-hpc-stencil/stencil</arg>
  <arg>0x400000</arg>
  <arg>0x602097</arg>
  <severity>INFO</severity>
  <timestamp>Thu Oct 24 19:30:49 2019</timestamp>
</msg>
<msg id="9" tool="trc">
  <type>LOAD_MODULE</type>
  <arg>/lib64/ld-linux-x86-64.so.2</arg>
  <arg>0x2ac8b4ab4000</arg>
  <arg>0x2ac8b4cd5147</arg>
  <severity>INFO</severity>
  <timestamp>Thu Oct 24 19:30:49 2019</timestamp>
</msg>
<msg id="10" tool="trc">
  <type>LOAD_MODULE</type>
  <arg>[vdso]</arg>
  <arg>0x7ffe893c8000</arg>
  <arg>0x7ffe893c8fdc</arg>
  <severity>INFO</severity>
  <timestamp>Thu Oct 24 19:30:49 2019</timestamp>
</msg>
<msg id="11" tool="trc">
  <type>LOAD_MODULE</type>
  <arg>/usr/lib64/libc.so.6</arg>
  <arg>0x2ac8c94b8000</arg>
  <arg>0x2ac8c98781ff</arg>
  <severity>INFO</severity>
  <timestamp>Thu Oct 24 19:30:49 2019</timestamp>
</msg>
<msg id="12" tool="trc">
  <type>UNLOAD_MODULE</type>
  <arg>/mnt/storage/home/md16024/intro-hpc-stencil/stencil</arg>
  <severity>INFO</severity>
  <timestamp>Thu Oct 24 19:30:55 2019</timestamp>
</msg>
<msg id="13" tool="trc">
  <type>UNLOAD_MODULE</type>
  <arg>/lib64/ld-linux-x86-64.so.2</arg>
  <severity>INFO</severity>
  <timestamp>Thu Oct 24 19:30:55 2019</timestamp>
</msg>
<msg id="14" tool="trc">
  <type>UNLOAD_MODULE</type>
  <arg>[vdso]</arg>
  <severity>INFO</severity>
  <timestamp>Thu Oct 24 19:30:55 2019</timestamp>
</msg>
<msg id="15" tool="trc">
  <type>UNLOAD_MODULE</type>
  <arg>/usr/lib64/libc.so.6</arg>
  <severity>INFO</severity>
  <timestamp>Thu Oct 24 19:30:55 2019</timestamp>
</msg>
<msg id="16" tool="trc">
  <type>PROCESS_FINISH</type>
  <arg>/mnt/storage/home/md16024/intro-hpc-stencil/stencil</arg>
  <arg>2311</arg>
  <arg>0x0</arg>
  <severity>INFO</severity>
  <timestamp>Thu Oct 24 19:30:55 2019</timestamp>
</msg>
<msg id="17" tool="runtool">
  <type>app-exit-code</type>
  <arg>0</arg>
</msg>
<msg id="18" tool="runtool">
  <type>marker-file</type>
  <arg>/mnt/storage/home/md16024/intro-hpc-stencil/SlowRes/e000/trc000/trc000.advixe</arg>
</msg>
<msg id="19" tool="runtool">
  <type>collector-done</type>
</msg>
<msg id="20" tool="runtool">
  <type>log-end</type>
  <arg>2019/10/24 19:30:59</arg>
</msg>

</log>

