11 [47506193737600] TRACE perfrun.launcher <> - ENTER: int main(int, char **)
13 [47506193737600] TRACE perfrun.launcher <> - ENTER: Start the collection
13 [47506193737600] INFO perfrun.launcher <> - argc = 7; cmdline = /mnt/storage/software/languages/intel/intel-parallel_studio_xe_2018_u3/advisor_2018.3.0.558307/bin64/advixe-runss --ui-output-format xml --ui-output-fd 8 --option-file /mnt/storage/home/md16024/intro-hpc-stencil/MyResults/e000/hs004/config/runss.options 
13 [47506193737600] TRACE perfrun.launcher <> - ENTER: Initialize the launcher
14 [47506193737600] TRACE perfrun.launcher <> - ENTER: void runtool::CmdLineParser::declareOptions()
19 [47506193737600] TRACE perfrun.launcher <> - EXIT:  void runtool::CmdLineParser::declareOptions()
19 [47506193737600] TRACE perfrun.system <> - ENTER: static runtool::system::IController *runtool::system::IController::create()
19 [47506193737600] TRACE perfrun.system <> - ENTER: runtool::system::Controller::Controller()
19 [47506193737600] TRACE perfrun.system <> - EXIT:  runtool::system::Controller::Controller()
19 [47506193737600] TRACE perfrun.system <> - EXIT:  static runtool::system::IController *runtool::system::IController::create()
19 [47506193737600] INFO perfrun.launcher <> - plugin system has been added successfully
19 [47506193737600] INFO perfrun.launcher <> - plugin  has been added successfully
19 [47506193737600] INFO perfrun.launcher <> - plugin  has been added successfully
19 [47506193737600] INFO perfrun.launcher <> - plugin  has been added successfully
19 [47506193737600] INFO perfrun.launcher <> - plugin  has been added successfully
19 [47506193737600] INFO perfrun.launcher <> - plugin  has been added successfully
19 [47506193737600] INFO perfrun.launcher <> - plugin  has been added successfully
19 [47506193737600] INFO perfrun.launcher <> - plugin mrte has been added successfully
19 [47506193737600] INFO perfrun.launcher <> - plugin  has been added successfully
19 [47506193737600] INFO perfrun.launcher <> - plugin  has been added successfully
22 [47506193737600] INFO perfrun.launcher <> - plugin  has been added successfully
22 [47506193737600] INFO perfrun.launcher <> - plugin  has been added successfully
22 [47506193737600] INFO perfrun.launcher <> - plugin  has been added successfully
22 [47506193737600] TRACE perfrun.tpss <> - ENTER: static runtool::sdk::IController *runtool::tpss::IController::create()
22 [47506193737600] TRACE perfrun.tpss <> - ENTER: create tpss controller
22 [47506193737600] TRACE perfrun.tpss <> - EXIT:  create tpss controller
22 [47506193737600] TRACE perfrun.tpss <> - EXIT:  static runtool::sdk::IController *runtool::tpss::IController::create()
22 [47506193737600] INFO perfrun.launcher <> - plugin tpss has been added successfully
22 [47506193737600] INFO perfrun.launcher <> - plugin  has been added successfully
22 [47506193737600] INFO perfrun.launcher <> - plugin  has been added successfully
22 [47506193737600] INFO perfrun.launcher <> - plugin  has been added successfully
22 [47506193737600] INFO perfrun.launcher <> - plugin  has been added successfully
22 [47506193737600] INFO perfrun.launcher <> - plugin  has been added successfully
22 [47506193737600] INFO perfrun.launcher <> - plugin  has been added successfully
22 [47506193737600] INFO perfrun.launcher <> - the option was added --interval: Specify an interval of data collection (for example, sampling) in milliseconds.
22 [47506193737600] INFO perfrun.launcher <> - the option was added --follow-child: Profile process with or without children.
22 [47506193737600] INFO perfrun.launcher <> - the option was added --gelding: BADMSG: perfrun1.launcher.plugin_manager::gelding
22 [47506193737600] INFO perfrun.launcher <> - the option was added --time-source: Specify time source for measurement. Possible values: sys - wall clock time; tsc - time stamp counter; ext - time from an external source; auto - auto select accurate time source.
22 [47506193737600] INFO perfrun.launcher <> - the option was added --stack: Enable or disable collection of stacks.
24 [47506193737600] INFO perfrun.launcher <> - the option was added --stack-stitching: Enable or disable the stack stitching algorithm for Intel TBB-based applications.
24 [47506193737600] INFO perfrun.launcher <> - the option was added --type: Specify type of data to be collected. For example, --type cpu:counters,waiting:nostack,io.
24 [47506193737600] INFO perfrun.launcher <> - the option was added --mrte-mode: Specify Java/.NET/other managed runtime collection mode. Possible values: native - collect information only for native code; managed - collect information only for managed code; mixed - collect information for both managed and native code; auto - choose the mode based on binary type.
24 [47506193737600] INFO perfrun.launcher <> - the option was added --mrte-mode-list: List supported Java/.NET/other managed runtime collection modes.
24 [47506193737600] INFO perfrun.launcher <> - the option was added --mrte-type: Specify which managed runtimes to collect. Possible values: java - collect information for Java; dotnet - collect information for .NET; python - collect information for CPython. You can specify several values separated by comma.
24 [47506193737600] INFO perfrun.launcher <> - the option was added --mrte-type-list: List supported Java/.NET/other managed runtime types.
24 [47506193737600] INFO perfrun.launcher <> - the option was added --trace-strategy: Specify how to profile a process tree. <string> can be "<process>:trace:notrace" - profile the process but do not profile its children. Shorthand parameters: t - trace, nt - notrace. For example, "vtunedemo.exe:t:t".
24 [47506193737600] INFO perfrun.launcher <> - the option was added --collector: BADMSG: perfrun1.launcher.plugin_manager::collector
24 [47506193737600] INFO perfrun.launcher <> - the option was added --system-wide: Enable system-wide profiling. This mode may require additional permissions.
24 [47506193737600] INFO perfrun.launcher <> - the option was added --kvm-guest: Enable KVM guest OS profiling.
24 [47506193737600] INFO perfrun.launcher <> - the option was added --kvm-guest-kallsyms: Specify a local path to the /proc/kallsyms file copied from the guest OS for proper symbol resolution.
24 [47506193737600] INFO perfrun.launcher <> - the option was added --kvm-guest-modules: Specify a local path to the /proc/modules file copied from the guest OS for proper symbol resolution.
24 [47506193737600] INFO perfrun.launcher <> - the option was added --target-system: BADMSG: perfrun1.launcher.plugin_manager::target-system
24 [47506193737600] INFO perfrun.launcher <> - the option was added --dump-vdso: Dump [vdso] to result directory
24 [47506193737600] INFO perfrun.launcher <> - the option was added --bandwidth-limits: Measure bandwidth limits
24 [47506193737600] INFO perfrun.launcher <> - the option was added --bandwidth-strategy: Bandwidth limits determination specific properties (example: --bandwidth-strategy array-size=0,duration=500).
24 [47506193737600] INFO perfrun.launcher <> - the option was added --bandwidth-config: List of benchmarks to run.
24 [47506193737600] INFO perfrun.launcher <> - the option was added --benchmark-sync: Run synchronized bandwidth measurement.
24 [47506193737600] INFO perfrun.launcher <> - the option was added --system-collector-config: Specify subcollectors. Possible values: all, vdso, container, device-info, none.
24 [47506193737600] INFO perfrun.launcher <> - the option was added --stackwalk: Specify stack unwinding method. Possible values: online - unwind stacks during collection; offline - unwind stacks after collection is finished.
24 [47506193737600] INFO perfrun.launcher <> - the option was added --filter-include: Filter data during collection. Possible values: contended=<on|off> - filter out uncontended events; contended_nostack=<time> - filter out stacks for contended events that take less than <time> microseconds; wait=<time> - ignore transitions and blocks with wait time less than <time> microseconds; wait_nostack=<time> - filter out stacks for waits that take less than <time> microseconds.
24 [47506193737600] INFO perfrun.launcher <> - the option was added --debug-pin: Debug PIN tool and runtime.
24 [47506193737600] INFO perfrun.launcher <> - the option was added --debug-exception: Disallow the application to set own abnormal termination handler.
24 [47506193737600] INFO perfrun.launcher <> - the option was added --trace-type: Specify the trace file granularity. Possible values: per-thread - per-thread trace file generation; per-process - per-process trace file generation.
24 [47506193737600] INFO perfrun.launcher <> - the option was added --instrumentation-type: Specify type of instrumentation.
24 [47506193737600] INFO perfrun.launcher <> - the option was added --altstack: Enable or disable usage of altstacks for profiling signal handlers.
24 [47506193737600] INFO perfrun.launcher <> - the option was added --profiling-signal: Alternate profiling signal.
24 [47506193737600] INFO perfrun.launcher <> - the option was added --memory-strategy: Specify a minimal memory object size to be traced and a hash table size for faster objects search; for example: --memory-strategy obj-size-min=1024,hash-table-size=4096.
24 [47506193737600] TRACE perfrun.launcher <> - Update configuration: tmp directory = /tmp/advixe-tmp-md16024
24 [47506193737600] TRACE perfrun.launcher <> - EXIT:  Initialize the launcher
25 [47506193737600] TRACE perfrun.launcher <> - ENTER: void runtool::CmdLineParser::parseOptionFile(const std::basic_string<char, std::char_traits<char>, std::allocator<char>> &)
26 [47506193737600] TRACE perfrun.launcher <> - EXIT:  void runtool::CmdLineParser::parseOptionFile(const std::basic_string<char, std::char_traits<char>, std::allocator<char>> &)
26 [47506193737600] INFO perfrun.launcher <> - create msngr2::ICliToolContext
26 [47506193737600] TRACE perfrun.launcher <> - ENTER: void runtool::CmdLineParser::validateParseResult() const
26 [47506193737600] TRACE perfrun.launcher <> - EXIT:  void runtool::CmdLineParser::validateParseResult() const
26 [47506193737600] TRACE perfrun.launcher <> - ENTER: void runtool::CmdLineParser::populate(runtool::IConfiguration *) const
26 [47506193737600] TRACE perfrun.launcher <> - Update configuration: action = start
26 [47506193737600] TRACE perfrun.launcher <> - Update configuration: collection type = launcher
26 [47506193737600] TRACE perfrun.launcher <> - Update configuration: quiet mode is enabled
26 [47506193737600] TRACE perfrun.launcher <> - Update configuration: compression level = 2
27 [47506193737600] TRACE perfrun.launcher <> - Update configuration: duration = 0 sec
27 [47506193737600] TRACE perfrun.launcher <> - Update configuration: data limit = 524288000 bytes
27 [47506193737600] TRACE perfrun.launcher <> - Update configuration: disc space limit = 0 bytes
27 [47506193737600] TRACE perfrun.launcher <> - Update configuration: return-app-exitcode = false
27 [47506193737600] TRACE perfrun.launcher <> - Update configuration: result directory = /mnt/storage/home/md16024/intro-hpc-stencil/MyResults/e000/hs004
27 [47506193737600] TRACE perfrun.launcher <> - Update configuration: application = ./stencil
27 [47506193737600] TRACE perfrun.launcher <> - Update configuration: application argument = 1024
27 [47506193737600] TRACE perfrun.launcher <> - Update configuration: application argument = 1024
27 [47506193737600] TRACE perfrun.launcher <> - Update configuration: application argument = 100
27 [47506193737600] TRACE perfrun.launcher <> - [IN] option = interval; value = 10 !u32_t
27 [47506193737600] TRACE perfrun.launcher <> - [IN] option = follow-child; value = true !bool
27 [47506193737600] TRACE perfrun.launcher <> - [IN] option = gelding; value = false !bool
27 [47506193737600] TRACE perfrun.launcher <> - [IN] option = time-source; value = auto !ustring
27 [47506193737600] TRACE perfrun.launcher <> - [IN] option = stack; value = true !bool
27 [47506193737600] TRACE perfrun.launcher <> - [IN] option = stack-stitching; value = true !bool
27 [47506193737600] TRACE perfrun.launcher <> - [IN] option = type; value = cpu:stack !ustring
27 [47506193737600] TRACE perfrun.launcher <> - [IN] option = mrte-mode; value = auto !ustring
27 [47506193737600] TRACE perfrun.launcher <> - [IN] option = mrte-type; value = java !ustring
27 [47506193737600] TRACE perfrun.launcher <> - [IN] option = mrte-type; value = python !ustring
27 [47506193737600] TRACE perfrun.launcher <> - [IN] option = trace-strategy; value = ld-linux.so.2:notrace:notrace !ustring
27 [47506193737600] TRACE perfrun.launcher <> - [IN] option = trace-strategy; value = ld-linux-x86-64.so.2:notrace:notrace !ustring
27 [47506193737600] TRACE perfrun.launcher <> - [IN] option = collector; value = sep !ustring
27 [47506193737600] TRACE perfrun.launcher <> - [IN] option = system-wide; value = false !bool
27 [47506193737600] TRACE perfrun.launcher <> - [IN] option = kvm-guest; value = false !bool
27 [47506193737600] TRACE perfrun.launcher <> - [IN] option = bandwidth-limits; value = false !bool
27 [47506193737600] TRACE perfrun.launcher <> - [IN] option = benchmark-sync; value = false !bool
27 [47506193737600] TRACE perfrun.launcher <> - [IN] option = system-collector-config; value = all !ustring
27 [47506193737600] TRACE perfrun.launcher <> - [IN] option = stackwalk; value = offline !ustring
27 [47506193737600] TRACE perfrun.launcher <> - [IN] option = trace-type; value = per-thread !ustring
27 [47506193737600] TRACE perfrun.launcher <> - [IN] option = instrumentation-type; value = pin !ustring
27 [47506193737600] TRACE perfrun.launcher <> - [IN] option = altstack; value = true !bool
27 [47506193737600] TRACE perfrun.launcher <> - EXIT:  void runtool::CmdLineParser::populate(runtool::IConfiguration *) const
27 [47506309326592] TRACE perfrun.tpss <> - ENTER: void runtool::tpss::Controller::setMessageChannel(runtool::sdk::IMessageChannel *)
27 [47506309326592] TRACE perfrun.tpss <> - EXIT:  void runtool::tpss::Controller::setMessageChannel(runtool::sdk::IMessageChannel *)
27 [47506193737600] INFO perfrun.launcher <> - create file finder object
27 [47506309326592] TRACE perfrun.tpss <> - ENTER: void runtool::tpss::Controller::setRequestHandler(runtool::sdk::IRequestHandler *)
27 [47506309326592] TRACE perfrun.tpss <> - EXIT:  void runtool::tpss::Controller::setRequestHandler(runtool::sdk::IRequestHandler *)
27 [47506193737600] TRACE perfrun.launcher <> - Handle the user request: action = 0
27 [47506193737600] TRACE perfrun.launcher <> - ENTER: int runtool::Launcher::doStart()
27 [47506193737600] TRACE perfrun.launcher <> - ENTER: void runtool::Launcher::prepareLaunch()
27 [47506193737600] TRACE perfrun.launcher <> - ENTER: void runtool::Launcher::prepareResultDirectory()
27 [47506193737600] INFO perfrun.launcher <> - create a result directory: pattern = /mnt/storage/home/md16024/intro-hpc-stencil/MyResults/e000/hs004 pid = 4294967295
29 [47506193737600] TRACE perfrun.sdk <> - ENTER: bool runtool::sdk::DirectoryInfo::isLocal() const
29 [47506193737600] INFO perfrun.sdk <> - checked that the directory /mnt/storage/home/md16024/intro-hpc-stencil/MyResults/e000/hs004 is a local directory
30 [47506193737600] INFO perfrun.sdk <> - the directory /mnt/storage/home/md16024/intro-hpc-stencil/MyResults/e000/hs004 is located on a share or its FS ID is unknown 1196443219
30 [47506193737600] TRACE perfrun.sdk <> - EXIT:  bool runtool::sdk::DirectoryInfo::isLocal() const
30 [47506193737600] INFO perfrun.launcher <> - Create a local result directory /tmp/advixe-tmp-md16024/advixe-res-30744-64505820646244334 due to the user result path /mnt/storage/home/md16024/intro-hpc-stencil/MyResults/e000/hs004 is located on a share
30 [47506193737600] TRACE perfrun.launcher <> - Update configuration: result directory = /tmp/advixe-tmp-md16024/advixe-res-30744-64505820646244334
30 [47506193737600] INFO perfrun.launcher <> - create data directory = /tmp/advixe-tmp-md16024/advixe-res-30744-64505820646244334/data.0
31 [47506193737600] INFO perfrun.launcher <> - create data directory = /mnt/storage/home/md16024/intro-hpc-stencil/MyResults/e000/hs004/data.0
31 [47506193737600] TRACE perfrun.launcher <> - Update configuration: data directory = /tmp/advixe-tmp-md16024/advixe-res-30744-64505820646244334/data.0
31 [47506193737600] TRACE perfrun.launcher <> - EXIT:  void runtool::Launcher::prepareResultDirectory()
33 [47506193737600] TRACE perfrun.launcher <> - IMessenger: send collection state with state = 11
33 [47506309326592] TRACE perfrun.launcher <> - Update configuration: follow child = 1
35 [47506309326592] TRACE perfrun.launcher <> - Update configuration: time source = 0
35 [47506309326592] TRACE perfrun.launcher <> - Update configuration: stack = 1
35 [47506309326592] TRACE perfrun.launcher <> - Update configuration: gelding = 0
35 [47506309326592] TRACE perfrun.launcher <> - Update configuration: stack stitching = 1
35 [47506309326592] TRACE perfrun.system <> - ENTER: int runtool::system::Controller::initialize(runtool::sdk::IConfiguration *)
35 [47506309326592] TRACE perfrun.system <> - ENTER: int runtool::system::TraceWriter::initialize(runtool::sdk::IConfiguration *, runtool::system::TraceWriter::Settings *)
35 [47506309326592] TRACE perfrun.sdk <> - 0x7924a02
39 [47506309326592] TRACE perfrun.sdk <> - ENTER: runtool::sdk::TraceFile::TraceFile(tpss_tmu_creator *, unsigned int, const std::basic_string<char, std::char_traits<char>, std::allocator<char>> &, bool)
39 [47506309326592] INFO perfrun.sdk <> - Allocating TMU :/tmp/advixe-tmp-md16024/advixe-res-30744-64505820646244334/data.0/systemcollector-30744-bc4login2.bc4.acrc.priv.sc
39 [47506309326592] TRACE perfrun.sdk <> - EXIT:  runtool::sdk::TraceFile::TraceFile(tpss_tmu_creator *, unsigned int, const std::basic_string<char, std::char_traits<char>, std::allocator<char>> &, bool)
39 [47506309326592] TRACE perfrun.system <> - EXIT:  int runtool::system::TraceWriter::initialize(runtool::sdk::IConfiguration *, runtool::system::TraceWriter::Settings *)
39 [47506309326592] TRACE perfrun.system <> - EXIT:  int runtool::system::Controller::initialize(runtool::sdk::IConfiguration *)
39 [47506309326592] INFO perfrun.launcher <> - plugin [] was disabled because it doesn't support the given collection type.
39 [47506309326592] INFO perfrun.launcher <> - plugin [] was disabled because it doesn't support the given collection type.
39 [47506309326592] INFO perfrun.launcher <> - plugin [] was disabled because it doesn't support the given collection type.
39 [47506309326592] INFO perfrun.launcher <> - plugin [] was disabled because it doesn't support the given collection type.
39 [47506309326592] INFO perfrun.launcher <> - plugin [] was disabled because it doesn't support the given collection type.
39 [47506309326592] INFO perfrun.launcher <> - plugin [] was disabled because it doesn't support the given collection type.
39 [47506309326592] TRACE perfrun.mrte <> - ENTER: int runtool::mrte::Controller::initialize(runtool::sdk::IConfiguration *)
39 [47506309326592] TRACE perfrun.mrte <> - EXIT:  int runtool::mrte::Controller::initialize(runtool::sdk::IConfiguration *)
39 [47506309326592] INFO perfrun.launcher <> - plugin [mrte] was disabled because it doesn't support the given collection type.
39 [47506309326592] INFO perfrun.launcher <> - plugin [] was disabled because it doesn't support the given collection type.
39 [47506309326592] INFO perfrun.launcher <> - plugin [] was disabled because it doesn't support the given collection type.
39 [47506309326592] INFO perfrun.launcher <> - plugin [] was disabled because it doesn't support the given collection type.
39 [47506309326592] INFO perfrun.launcher <> - plugin [] was disabled because it doesn't support the given collection type.
39 [47506309326592] INFO perfrun.launcher <> - plugin [] was disabled because it doesn't support the given collection type.
39 [47506309326592] TRACE perfrun.tpss <> - ENTER: int runtool::tpss::Controller::initialize(runtool::sdk::IConfiguration *)
39 [47506309326592] INFO perfrun.tpss <> - initialize tpss controller
39 [47506309326592] TRACE perfrun.tpss <> - ENTER: bool runtool::tpss::Controller::configureCollectionMode(const std::basic_string<char, std::char_traits<char>, std::allocator<char>> &)
39 [47506309326592] INFO perfrun.tpss <> - configure collection mode: value = cpu:stack
39 [47506309326592] TRACE perfrun.tpss <> - EXIT:  bool runtool::tpss::Controller::configureCollectionMode(const std::basic_string<char, std::char_traits<char>, std::allocator<char>> &)
39 [47506309326592] TRACE perfrun.tpss <> - ENTER: tpss::trace_file_t runtool::tpss::castTraceFileType(const gen_helpers2::variant_t &)
39 [47506309326592] TRACE perfrun.tpss <> - EXIT:  tpss::trace_file_t runtool::tpss::castTraceFileType(const gen_helpers2::variant_t &)
39 [47506309326592] INFO perfrun.tpss <> - default obj-size-min=1024
39 [47506309326592] INFO perfrun.tpss <> - default hash-table-size=0
39 [47506309326592] TRACE perfrun.tpss <> - EXIT:  int runtool::tpss::Controller::initialize(runtool::sdk::IConfiguration *)
39 [47506309326592] INFO perfrun.launcher <> - plugin [] was disabled because it doesn't support the given collection type.
39 [47506309326592] INFO perfrun.launcher <> - plugin [] was disabled because it doesn't support the given collection type.
39 [47506309326592] INFO perfrun.launcher <> - plugin [] was disabled because it doesn't support the given collection type.
39 [47506309326592] INFO perfrun.launcher <> - plugin [] was disabled because it doesn't support the given collection type.
39 [47506309326592] INFO perfrun.launcher <> - plugin [] was disabled because it doesn't support the given collection type.
39 [47506309326592] INFO perfrun.launcher <> - plugin [] was disabled because it doesn't support the given collection type.
39 [47506193737600] TRACE perfrun.launcher <> - RpcServer was created for IPC filename = /mnt/storage/home/md16024/intro-hpc-stencil/MyResults/e000/hs004/runtool.30744.ipc
39 [47506193737600] TRACE perfrun.launcher <> - RpcServer: setup all handlers at once
39 [47506193737600] TRACE perfrun.launcher <> - RpcServer: setup a handler for ICancelRequest
39 [47506193737600] TRACE perfrun.launcher <> - RpcServer: setup a handler for IPauseRequest
39 [47506193737600] TRACE perfrun.launcher <> - RpcServer: setup a handler for IResumeRequest
39 [47506193737600] TRACE perfrun.launcher <> - RpcServer: setup a handler for IStopRequest
39 [47506193737600] TRACE perfrun.launcher <> - RpcServer: setup a handler for IStatusRequest
39 [47506193737600] TRACE perfrun.launcher <> - RpcServer: setup a handler for IDetachRequest
39 [47506193737600] TRACE perfrun.launcher <> - RpcServer: setup a handler for IMarkRequest
39 [47506193737600] INFO perfrun.launcher <> - RpcServer: run RPC server to handle requests
40 [47506193737600] DEBUG perfrun.launcher <> - RpcServer: wrote information about the RPC server into the IPC file
40 [47506193737600] TRACE perfrun.launcher <> - EXIT:  void runtool::Launcher::prepareLaunch()
40 [47506346985216] TRACE perfrun.launcher <> - ENTER: RpcServer: the main loop handles RPC requests  from clients
40 [47506193737600] INFO perfrun.launcher <> - Launcher: command line to start before modification = ./stencil 1024 1024 100
40 [47506309326592] TRACE perfrun.tpss <> - ENTER: void runtool::tpss::Controller::modifyCommandLine(std::basic_string<char, std::char_traits<char>, std::allocator<char>> &) const
40 [47506309326592] TRACE perfrun.tpss <> - EXIT:  void runtool::tpss::Controller::modifyCommandLine(std::basic_string<char, std::char_traits<char>, std::allocator<char>> &) const
40 [47506193737600] INFO perfrun.launcher <> - Launcher: command line to start after modification = /mnt/storage/software/languages/intel/intel-parallel_studio_xe_2018_u3/advisor_2018.3.0.558307/bin64/pin -error_file /tmp/advixe-tmp-md16024/advixe-res-30744-64505820646244334/data.0/pinerr.tpsslog -detach_reattach -follow_execv -tool_load_option deepbind -t64 /mnt/storage/software/languages/intel/intel-parallel_studio_xe_2018_u3/advisor_2018.3.0.558307/lib64/libtpsstool.so -t /mnt/storage/software/languages/intel/intel-parallel_studio_xe_2018_u3/advisor_2018.3.0.558307/lib32/libtpsstool.so -server_name tpss_ipc.30744 -prd_dir /mnt/storage/software/languages/intel/intel-parallel_studio_xe_2018_u3/advisor_2018.3.0.558307 -- ./stencil 1024 1024 100
40 [47506193737600] INFO perfrun.launcher <> - ProcessCreator object was created
40 [47506193737600] TRACE perfrun.launcher <> - ENTER: unsigned int runtool::ProcessCreator::start(bool)
41 [47506193737600] TRACE perfrun.launcher <> - EXIT:  unsigned int runtool::ProcessCreator::start(bool)
41 [47506193737600] INFO perfrun.launcher <> - Launcher: the process was started in suspend mode
41 [47506309326592] TRACE perfrun.system <> - ENTER: void runtool::system::Controller::onEvent(runtool::sdk::collection_state_t)
41 [47506309326592] TRACE perfrun.system <> - EXIT:  void runtool::system::Controller::onEvent(runtool::sdk::collection_state_t)
41 [47506309326592] TRACE perfrun.system <> - ENTER: bool runtool::system::Controller::start(unsigned int)
94 [47506309326592] INFO perfrun.system <> - Helper runtool '/mnt/storage/software/languages/intel/intel-parallel_studio_xe_2018_u3/advisor_2018.3.0.558307/bin32/advixe-runss -dump-vdso -r /tmp/advixe-tmp-md16024/advixe-res-30744-64505820646244334 --tmp-dir /tmp/advixe-tmp-md16024' returned 0
141 [47506309326592] INFO perfrun.system <> - Helper runtool '/mnt/storage/software/languages/intel/intel-parallel_studio_xe_2018_u3/advisor_2018.3.0.558307/bin64/advixe-runss -dump-vdso -r /tmp/advixe-tmp-md16024/advixe-res-30744-64505820646244334 --tmp-dir /tmp/advixe-tmp-md16024' returned 0
143 [47506309326592] TRACE perfrun.system <> - ENTER: bool runtool::system::getVideoAdapters(std::vector<runtool::system::gpu_adapter_t, std::allocator<runtool::system::gpu_adapter_t>> &)
198 [47506309326592] TRACE perfrun.system <> - EXIT:  bool runtool::system::getVideoAdapters(std::vector<runtool::system::gpu_adapter_t, std::allocator<runtool::system::gpu_adapter_t>> &)
198 [47506309326592] TRACE perfrun.sdk <> - ENTER: bool runtool::sdk::runSystemCmd(const std::basic_string<char, std::char_traits<char>, std::allocator<char>> &, std::basic_string<char, std::char_traits<char>, std::allocator<char>> *, bool, const std::basic_string<char, std::char_traits<char>, std::allocator<char>> &)
198 [47506309326592] WARN perfrun.sdk <> - Failed to find xl binary on any of the system paths: /bin, /sbin, /usr/bin, /usr/sbin., at file: vcs/perfrun1/sdk/src/utils.cpp:433
198 [47506309326592] TRACE perfrun.sdk <> - EXIT:  bool runtool::sdk::runSystemCmd(const std::basic_string<char, std::char_traits<char>, std::allocator<char>> &, std::basic_string<char, std::char_traits<char>, std::allocator<char>> *, bool, const std::basic_string<char, std::char_traits<char>, std::allocator<char>> &)
202 [47506309326592] TRACE perfrun.system <> - EXIT:  bool runtool::system::Controller::start(unsigned int)
202 [47506309326592] TRACE perfrun.tpss <> - ENTER: bool runtool::tpss::Controller::start(unsigned int)
202 [47506309326592] INFO perfrun.tpss <> - start tpss controller for pid #30804
252 [47506309326592] TRACE perfrun.tpss <> - EXIT:  bool runtool::tpss::Controller::start(unsigned int)
252 [47506309326592] TRACE perfrun.system <> - ENTER: void runtool::system::Controller::onEvent(runtool::sdk::collection_state_t)
252 [47506309326592] TRACE perfrun.system <> - EXIT:  void runtool::system::Controller::onEvent(runtool::sdk::collection_state_t)
252 [47506193737600] INFO perfrun.launcher <> - Launcher: all plugins were started
252 [47506193737600] TRACE perfrun.launcher <> - IMessenger: send collection state with state = 1
252 [47506193737600] TRACE perfrun.launcher <> - ENTER: void runtool::Launcher::setupResumeAfterCallback()
252 [47506193737600] TRACE perfrun.launcher <> - EXIT:  void runtool::Launcher::setupResumeAfterCallback()
252 [47506193737600] TRACE perfrun.launcher <> - ENTER: void runtool::Launcher::setupHardStopCallbacks()
252 [47506193737600] INFO perfrun.launcher <> - DirectoryMonitor object was created
253 [47506193737600] INFO perfrun.launcher <> - DirectoryMonitor: a callback was added
253 [47506193737600] INFO perfrun.launcher <> - DirectoryMonitor was started with pingTime = 1000
253 [47506193737600] INFO perfrun.launcher <> - DeadlineTimer is going to be constructed
253 [47506193737600] INFO perfrun.launcher <> - DeadlineTimer: a callback was added
253 [47506193737600] TRACE perfrun.launcher <> - EXIT:  void runtool::Launcher::setupHardStopCallbacks()
253 [47506193737600] TRACE perfrun.launcher <> - ENTER: void runtool::Launcher::setupDurationCallback(bool)
253 [47506193737600] TRACE perfrun.launcher <> - EXIT:  void runtool::Launcher::setupDurationCallback(bool)
255 [47506193737600] TRACE perfrun.launcher <> - ENTER: void runtool::ProcessCreator::resume()
255 [47506193737600] DEBUG perfrun.launcher <> - ProcessCreator: the process with pid = 30804 is resumed
256 [47506193737600] TRACE perfrun.launcher <> - EXIT:  void runtool::ProcessCreator::resume()
256 [47506193737600] INFO perfrun.launcher <> - Launcher: resume the profiled application and  wait its termination or stop command
256 [47506193737600] TRACE perfrun.launcher <> - ENTER: int runtool::ProcessCreator::wait()
256 [47506193737600] TRACE perfrun.launcher <> - ENTER: int runtool::ProcessCreator::waitPid()
429 [47506193737600] TRACE perfrun.launcher <> - EXIT:  int runtool::ProcessCreator::waitPid()
429 [47506193737600] TRACE perfrun.launcher <> - EXIT:  int runtool::ProcessCreator::wait()
429 [47506193737600] INFO perfrun.launcher <> - Launcher: the profiled application was terminated  with exit code = 0
429 [47506193737600] TRACE perfrun.launcher <> - ENTER: void runtool::Launcher::waitForSlaves(const std::basic_string<char, std::char_traits<char>, std::allocator<char>> &)
429 [47506193737600] TRACE perfrun.sdk <> - ENTER: void runtool::sdk::getFilesFromDirectoryByExt(const std::basic_string<char, std::char_traits<char>, std::allocator<char>> &, const std::basic_string<char, std::char_traits<char>, std::allocator<char>> &, std::list<std::basic_string<char, std::char_traits<char>, std::allocator<char>>, std::allocator<std::basic_string<char, std::char_traits<char>, std::allocator<char>>>> &)
429 [47506193737600] TRACE perfrun.sdk <> - EXIT:  void runtool::sdk::getFilesFromDirectoryByExt(const std::basic_string<char, std::char_traits<char>, std::allocator<char>> &, const std::basic_string<char, std::char_traits<char>, std::allocator<char>> &, std::list<std::basic_string<char, std::char_traits<char>, std::allocator<char>>, std::allocator<std::basic_string<char, std::char_traits<char>, std::allocator<char>>>> &)
430 [47506193737600] TRACE perfrun.launcher <> - EXIT:  void runtool::Launcher::waitForSlaves(const std::basic_string<char, std::char_traits<char>, std::allocator<char>> &)
430 [47506309326592] TRACE perfrun.system <> - ENTER: void runtool::system::Controller::onEvent(runtool::sdk::collection_state_t)
430 [47506309326592] TRACE perfrun.system <> - EXIT:  void runtool::system::Controller::onEvent(runtool::sdk::collection_state_t)
430 [47506309326592] TRACE perfrun.system <> - ENTER: bool runtool::system::Controller::stop()
431 [47506309326592] TRACE perfrun.system <> - EXIT:  bool runtool::system::Controller::stop()
431 [47506309326592] TRACE perfrun.tpss <> - ENTER: bool runtool::tpss::Controller::stop()
431 [47506309326592] INFO perfrun.tpss <> - stop tpss controller
432 [47506309326592] TRACE perfrun.tpss <> - EXIT:  bool runtool::tpss::Controller::stop()
432 [47506309326592] TRACE perfrun.system <> - ENTER: void runtool::system::Controller::onEvent(runtool::sdk::collection_state_t)
432 [47506309326592] TRACE perfrun.sdk <> - ENTER: void runtool::sdk::TraceFile::close(boost::system::error_code &)
432 [47506309326592] INFO perfrun.sdk <> - De-allocating TMU: /tmp/advixe-tmp-md16024/advixe-res-30744-64505820646244334/data.0/systemcollector-30744-bc4login2.bc4.acrc.priv.sc
432 [47506309326592] TRACE perfrun.sdk <> - EXIT:  void runtool::sdk::TraceFile::close(boost::system::error_code &)
432 [47506309326592] INFO perfrun.system <> - closed the system trace file: /tmp/advixe-tmp-md16024/advixe-res-30744-64505820646244334/data.0/systemcollector-30744-bc4login2.bc4.acrc.priv.sc
432 [47506309326592] TRACE perfrun.system <> - EXIT:  void runtool::system::Controller::onEvent(runtool::sdk::collection_state_t)
432 [47506193737600] TRACE perfrun.launcher <> - ENTER: void runtool::ProcessSetMonitor<T>::stop() [with T = unsigned int]
432 [47506193737600] TRACE perfrun.launcher <> - EXIT:  void runtool::ProcessSetMonitor<T>::stop() [with T = unsigned int]
432 [47506193737600] TRACE perfrun.launcher <> - ENTER: void runtool::ProcessCreator::stop()
432 [47506193737600] TRACE perfrun.launcher <> - EXIT:  void runtool::ProcessCreator::stop()
432 [47506193737600] INFO perfrun.launcher <> - Launcher: all plugins were stopped.
432 [47506193737600] TRACE perfrun.launcher <> - ENTER: void runtool::Launcher::resetDurationCallback()
432 [47506193737600] TRACE perfrun.launcher <> - EXIT:  void runtool::Launcher::resetDurationCallback()
432 [47506193737600] TRACE perfrun.launcher <> - ENTER: void runtool::Launcher::resetResumeAfterCallback()
432 [47506193737600] TRACE perfrun.launcher <> - EXIT:  void runtool::Launcher::resetResumeAfterCallback()
432 [47506193737600] TRACE perfrun.launcher <> - ENTER: void runtool::Launcher::resetHardStopCallbacks()
432 [47506193737600] INFO perfrun.launcher <> - DeadlineTimer is going to be destroyed
432 [47506193737600] INFO perfrun.launcher <> - DirectoryMonitor object was destroyed
432 [47506193737600] TRACE perfrun.launcher <> - EXIT:  void runtool::Launcher::resetHardStopCallbacks()
432 [47506193737600] WARN perfrun.launcher <> - Stop command is ignored because it is received when collection is already stopped, at file: vcs/perfrun1/launcher/src/command_handler.cpp:209
432 [47506193737600] TRACE perfrun.launcher <> - ENTER: void runtool::Launcher::shutdownLaunch()
432 [47506193737600] TRACE perfrun.launcher <> - ENTER: void runtool::Launcher::resetDurationCallback()
432 [47506193737600] TRACE perfrun.launcher <> - EXIT:  void runtool::Launcher::resetDurationCallback()
432 [47506193737600] TRACE perfrun.launcher <> - ENTER: void runtool::Launcher::resetResumeAfterCallback()
432 [47506193737600] TRACE perfrun.launcher <> - EXIT:  void runtool::Launcher::resetResumeAfterCallback()
432 [47506193737600] TRACE perfrun.launcher <> - ENTER: void runtool::Launcher::resetHardStopCallbacks()
432 [47506193737600] TRACE perfrun.launcher <> - EXIT:  void runtool::Launcher::resetHardStopCallbacks()
432 [47506193737600] TRACE perfrun.launcher <> - ENTER: void runtool::RpcServer::stop()
432 [47506193737600] TRACE perfrun.launcher <> - ENTER: Send RPC request
432 [47506346985216] TRACE perfrun.launcher <> - ENTER: Receive RPC request
432 [47506193737600] TRACE perfrun.launcher <> - header and body of the message was send: header = 22 serialization::archive 10 0 0 8 0 0 0 0; body = 22 serialization::archive 10 0 0 8 0 0 0 0
432 [47506346985216] TRACE perfrun.launcher <> - header of the message was received: size = 8; message =       2a
432 [47506193737600] TRACE perfrun.launcher <> - EXIT:  Send RPC request
433 [47506346985216] TRACE perfrun.launcher <> - body of the message was received: size = 42; message = 22 serialization::archive 10 0 0 8 0 0 0 0
433 [47506346985216] TRACE perfrun.launcher <> - EXIT:  Receive RPC request
433 [47506346985216] TRACE perfrun.launcher <> - EXIT:  RpcServer: the main loop handles RPC requests  from clients
433 [47506193737600] TRACE perfrun.launcher <> - EXIT:  void runtool::RpcServer::stop()
436 [47506193737600] TRACE perfrun.launcher <> - ENTER: void runtool::Launcher::waitForSlaves(const std::basic_string<char, std::char_traits<char>, std::allocator<char>> &)
436 [47506193737600] TRACE perfrun.sdk <> - ENTER: void runtool::sdk::getFilesFromDirectoryByExt(const std::basic_string<char, std::char_traits<char>, std::allocator<char>> &, const std::basic_string<char, std::char_traits<char>, std::allocator<char>> &, std::list<std::basic_string<char, std::char_traits<char>, std::allocator<char>>, std::allocator<std::basic_string<char, std::char_traits<char>, std::allocator<char>>>> &)
436 [47506193737600] TRACE perfrun.sdk <> - EXIT:  void runtool::sdk::getFilesFromDirectoryByExt(const std::basic_string<char, std::char_traits<char>, std::allocator<char>> &, const std::basic_string<char, std::char_traits<char>, std::allocator<char>> &, std::list<std::basic_string<char, std::char_traits<char>, std::allocator<char>>, std::allocator<std::basic_string<char, std::char_traits<char>, std::allocator<char>>>> &)
436 [47506193737600] TRACE perfrun.launcher <> - EXIT:  void runtool::Launcher::waitForSlaves(const std::basic_string<char, std::char_traits<char>, std::allocator<char>> &)
436 [47506193737600] TRACE perfrun.launcher <> - EXIT:  void runtool::Launcher::shutdownLaunch()
436 [47506193737600] TRACE perfrun.launcher <> - EXIT:  int runtool::Launcher::doStart()
436 [47506193737600] TRACE perfrun.launcher <> - IMessenger: send collection state with state = 3
436 [47506193737600] INFO perfrun.launcher <> - Application exit code: 0
436 [47506193737600] INFO perfrun.launcher <> - Exit code: 0
436 [47506193737600] TRACE perfrun.launcher <> - EXIT:  Start the collection
436 [47506193737600] TRACE perfrun.launcher <> - ENTER: Destroy the launcher...
436 [47506193737600] TRACE perfrun.launcher <> - EXIT:  Destroy the launcher...
436 [47506193737600] TRACE perfrun.launcher <> - ENTER: runtool::RpcServer::~RpcServer()
436 [47506193737600] TRACE perfrun.launcher <> - ENTER: void runtool::RpcServer::stop()
436 [47506193737600] TRACE perfrun.launcher <> - EXIT:  void runtool::RpcServer::stop()
436 [47506193737600] TRACE perfrun.launcher <> - EXIT:  runtool::RpcServer::~RpcServer()
436 [47506193737600] TRACE perfrun.launcher <> - ENTER: runtool::ProcessCreator::~ProcessCreator()
436 [47506193737600] TRACE perfrun.launcher <> - ENTER: void runtool::ProcessCreator::stop()
436 [47506193737600] TRACE perfrun.launcher <> - EXIT:  void runtool::ProcessCreator::stop()
436 [47506193737600] TRACE perfrun.launcher <> - EXIT:  runtool::ProcessCreator::~ProcessCreator()
436 [47506193737600] TRACE perfrun.launcher <> - PluginManagerProxy::doOperation thread was terminated.
437 [47506193737600] TRACE perfrun.launcher <> - EXIT:  int main(int, char **)
