<?xml version="1.0" encoding="utf-8"?>
<log version="1.0" tool="runtool">

<msg id="1" tool="runtool">
  <type>log-start</type>
  <arg>2019/10/24 18:44:25</arg>
</msg>
<msg id="2" tool="runtool">
  <type>bandwidth-measurement-starts</type>
</msg>
<msg id="3" tool="runtool">
  <type>bandwidth-measurement-done</type>
</msg>
<msg id="4" tool="runtool">
  <type>collector-starts</type>
</msg>
<msg id="5" tool="runtool">
  <type>marker-file</type>
  <arg>/mnt/storage/home/md16024/intro-hpc-stencil/MyResults/e000/trc000/trc000.advixe</arg>
</msg>
<msg id="6" tool="trc">
  <type>PROCESS_START</type>
  <arg>/mnt/storage/home/md16024/intro-hpc-stencil/stencil</arg>
  <arg>323</arg>
  <severity>INFO</severity>
  <timestamp>Thu Oct 24 18:44:35 2019</timestamp>
</msg>
<msg id="7" tool="trc">
  <type>PROCESS_ANALYSIS_MODE</type>
  <arg>full</arg>
  <severity>INFO</severity>
  <timestamp>Thu Oct 24 18:44:35 2019</timestamp>
</msg>
<msg id="8" tool="trc">
  <type>LOAD_MODULE</type>
  <arg>/mnt/storage/home/md16024/intro-hpc-stencil/stencil</arg>
  <arg>0x400000</arg>
  <arg>0x60754f</arg>
  <severity>INFO</severity>
  <timestamp>Thu Oct 24 18:44:35 2019</timestamp>
</msg>
<msg id="9" tool="trc">
  <type>LOAD_MODULE</type>
  <arg>/lib64/ld-linux-x86-64.so.2</arg>
  <arg>0x2b72d56fb000</arg>
  <arg>0x2b72d591c147</arg>
  <severity>INFO</severity>
  <timestamp>Thu Oct 24 18:44:35 2019</timestamp>
</msg>
<msg id="10" tool="trc">
  <type>LOAD_MODULE</type>
  <arg>[vdso]</arg>
  <arg>0x7ffc31723000</arg>
  <arg>0x7ffc31723fdc</arg>
  <severity>INFO</severity>
  <timestamp>Thu Oct 24 18:44:35 2019</timestamp>
</msg>
<msg id="11" tool="trc">
  <type>LOAD_MODULE</type>
  <arg>/usr/lib64/libm.so.6</arg>
  <arg>0x2b72ea0cc000</arg>
  <arg>0x2b72ea3cd147</arg>
  <severity>INFO</severity>
  <timestamp>Thu Oct 24 18:44:35 2019</timestamp>
</msg>
<msg id="12" tool="trc">
  <type>LOAD_MODULE</type>
  <arg>/usr/lib64/libgcc_s.so.1</arg>
  <arg>0x2b72ea3fe000</arg>
  <arg>0x2b72ea6133ff</arg>
  <severity>INFO</severity>
  <timestamp>Thu Oct 24 18:44:35 2019</timestamp>
</msg>
<msg id="13" tool="trc">
  <type>LOAD_MODULE</type>
  <arg>/usr/lib64/libc.so.6</arg>
  <arg>0x2b72ea614000</arg>
  <arg>0x2b72ea9d41ff</arg>
  <severity>INFO</severity>
  <timestamp>Thu Oct 24 18:44:35 2019</timestamp>
</msg>
<msg id="14" tool="trc">
  <type>LOAD_MODULE</type>
  <arg>/usr/lib64/libdl.so.2</arg>
  <arg>0x2b72ea9d5000</arg>
  <arg>0x2b72eabd812f</arg>
  <severity>INFO</severity>
  <timestamp>Thu Oct 24 18:44:35 2019</timestamp>
</msg>
<msg id="15" tool="trc">
  <type>UNLOAD_MODULE</type>
  <arg>/mnt/storage/home/md16024/intro-hpc-stencil/stencil</arg>
  <severity>INFO</severity>
  <timestamp>Thu Oct 24 18:44:35 2019</timestamp>
</msg>
<msg id="16" tool="trc">
  <type>UNLOAD_MODULE</type>
  <arg>/lib64/ld-linux-x86-64.so.2</arg>
  <severity>INFO</severity>
  <timestamp>Thu Oct 24 18:44:35 2019</timestamp>
</msg>
<msg id="17" tool="trc">
  <type>UNLOAD_MODULE</type>
  <arg>[vdso]</arg>
  <severity>INFO</severity>
  <timestamp>Thu Oct 24 18:44:35 2019</timestamp>
</msg>
<msg id="18" tool="trc">
  <type>UNLOAD_MODULE</type>
  <arg>/usr/lib64/libm.so.6</arg>
  <severity>INFO</severity>
  <timestamp>Thu Oct 24 18:44:35 2019</timestamp>
</msg>
<msg id="19" tool="trc">
  <type>UNLOAD_MODULE</type>
  <arg>/usr/lib64/libgcc_s.so.1</arg>
  <severity>INFO</severity>
  <timestamp>Thu Oct 24 18:44:35 2019</timestamp>
</msg>
<msg id="20" tool="trc">
  <type>UNLOAD_MODULE</type>
  <arg>/usr/lib64/libc.so.6</arg>
  <severity>INFO</severity>
  <timestamp>Thu Oct 24 18:44:35 2019</timestamp>
</msg>
<msg id="21" tool="trc">
  <type>UNLOAD_MODULE</type>
  <arg>/usr/lib64/libdl.so.2</arg>
  <severity>INFO</severity>
  <timestamp>Thu Oct 24 18:44:35 2019</timestamp>
</msg>
<msg id="22" tool="trc">
  <type>PROCESS_FINISH</type>
  <arg>/mnt/storage/home/md16024/intro-hpc-stencil/stencil</arg>
  <arg>323</arg>
  <arg>0x0</arg>
  <severity>INFO</severity>
  <timestamp>Thu Oct 24 18:44:35 2019</timestamp>
</msg>
<msg id="23" tool="runtool">
  <type>app-exit-code</type>
  <arg>0</arg>
</msg>
<msg id="24" tool="runtool">
  <type>marker-file</type>
  <arg>/mnt/storage/home/md16024/intro-hpc-stencil/MyResults/e000/trc000/trc000.advixe</arg>
</msg>
<msg id="25" tool="runtool">
  <type>collector-done</type>
</msg>
<msg id="26" tool="runtool">
  <type>log-end</type>
  <arg>2019/10/24 18:44:38</arg>
</msg>

</log>

