12 [47026545121152] TRACE perfrun.launcher <> - ENTER: int main(int, char **)
14 [47026545121152] TRACE perfrun.launcher <> - ENTER: Start the collection
14 [47026545121152] INFO perfrun.launcher <> - argc = 7; cmdline = /mnt/storage/software/languages/intel/intel-parallel_studio_xe_2018_u3/advisor_2018.3.0.558307/bin64/advixe-runss --ui-output-format xml --ui-output-fd 8 --option-file /mnt/storage/home/md16024/intro-hpc-stencil/output/e000/hs000/config/runss.options 
14 [47026545121152] TRACE perfrun.launcher <> - ENTER: Initialize the launcher
15 [47026545121152] TRACE perfrun.launcher <> - ENTER: void runtool::CmdLineParser::declareOptions()
20 [47026545121152] TRACE perfrun.launcher <> - EXIT:  void runtool::CmdLineParser::declareOptions()
20 [47026545121152] TRACE perfrun.system <> - ENTER: static runtool::system::IController *runtool::system::IController::create()
20 [47026545121152] TRACE perfrun.system <> - ENTER: runtool::system::Controller::Controller()
20 [47026545121152] TRACE perfrun.system <> - EXIT:  runtool::system::Controller::Controller()
20 [47026545121152] TRACE perfrun.system <> - EXIT:  static runtool::system::IController *runtool::system::IController::create()
20 [47026545121152] INFO perfrun.launcher <> - plugin system has been added successfully
20 [47026545121152] INFO perfrun.launcher <> - plugin  has been added successfully
20 [47026545121152] INFO perfrun.launcher <> - plugin  has been added successfully
21 [47026545121152] INFO perfrun.launcher <> - plugin  has been added successfully
21 [47026545121152] INFO perfrun.launcher <> - plugin  has been added successfully
21 [47026545121152] INFO perfrun.launcher <> - plugin  has been added successfully
21 [47026545121152] INFO perfrun.launcher <> - plugin  has been added successfully
21 [47026545121152] INFO perfrun.launcher <> - plugin mrte has been added successfully
21 [47026545121152] INFO perfrun.launcher <> - plugin  has been added successfully
21 [47026545121152] INFO perfrun.launcher <> - plugin  has been added successfully
23 [47026545121152] INFO perfrun.launcher <> - plugin  has been added successfully
23 [47026545121152] INFO perfrun.launcher <> - plugin  has been added successfully
23 [47026545121152] INFO perfrun.launcher <> - plugin  has been added successfully
23 [47026545121152] TRACE perfrun.tpss <> - ENTER: static runtool::sdk::IController *runtool::tpss::IController::create()
23 [47026545121152] TRACE perfrun.tpss <> - ENTER: create tpss controller
23 [47026545121152] TRACE perfrun.tpss <> - EXIT:  create tpss controller
23 [47026545121152] TRACE perfrun.tpss <> - EXIT:  static runtool::sdk::IController *runtool::tpss::IController::create()
23 [47026545121152] INFO perfrun.launcher <> - plugin tpss has been added successfully
23 [47026545121152] INFO perfrun.launcher <> - plugin  has been added successfully
23 [47026545121152] INFO perfrun.launcher <> - plugin  has been added successfully
23 [47026545121152] INFO perfrun.launcher <> - plugin  has been added successfully
23 [47026545121152] INFO perfrun.launcher <> - plugin  has been added successfully
23 [47026545121152] INFO perfrun.launcher <> - plugin  has been added successfully
23 [47026545121152] INFO perfrun.launcher <> - plugin  has been added successfully
23 [47026545121152] INFO perfrun.launcher <> - the option was added --interval: Specify an interval of data collection (for example, sampling) in milliseconds.
23 [47026545121152] INFO perfrun.launcher <> - the option was added --follow-child: Profile process with or without children.
23 [47026545121152] INFO perfrun.launcher <> - the option was added --gelding: BADMSG: perfrun1.launcher.plugin_manager::gelding
23 [47026545121152] INFO perfrun.launcher <> - the option was added --time-source: Specify time source for measurement. Possible values: sys - wall clock time; tsc - time stamp counter; ext - time from an external source; auto - auto select accurate time source.
23 [47026545121152] INFO perfrun.launcher <> - the option was added --stack: Enable or disable collection of stacks.
25 [47026545121152] INFO perfrun.launcher <> - the option was added --stack-stitching: Enable or disable the stack stitching algorithm for Intel TBB-based applications.
25 [47026545121152] INFO perfrun.launcher <> - the option was added --type: Specify type of data to be collected. For example, --type cpu:counters,waiting:nostack,io.
25 [47026545121152] INFO perfrun.launcher <> - the option was added --mrte-mode: Specify Java/.NET/other managed runtime collection mode. Possible values: native - collect information only for native code; managed - collect information only for managed code; mixed - collect information for both managed and native code; auto - choose the mode based on binary type.
25 [47026545121152] INFO perfrun.launcher <> - the option was added --mrte-mode-list: List supported Java/.NET/other managed runtime collection modes.
25 [47026545121152] INFO perfrun.launcher <> - the option was added --mrte-type: Specify which managed runtimes to collect. Possible values: java - collect information for Java; dotnet - collect information for .NET; python - collect information for CPython. You can specify several values separated by comma.
25 [47026545121152] INFO perfrun.launcher <> - the option was added --mrte-type-list: List supported Java/.NET/other managed runtime types.
25 [47026545121152] INFO perfrun.launcher <> - the option was added --trace-strategy: Specify how to profile a process tree. <string> can be "<process>:trace:notrace" - profile the process but do not profile its children. Shorthand parameters: t - trace, nt - notrace. For example, "vtunedemo.exe:t:t".
25 [47026545121152] INFO perfrun.launcher <> - the option was added --collector: BADMSG: perfrun1.launcher.plugin_manager::collector
25 [47026545121152] INFO perfrun.launcher <> - the option was added --system-wide: Enable system-wide profiling. This mode may require additional permissions.
25 [47026545121152] INFO perfrun.launcher <> - the option was added --kvm-guest: Enable KVM guest OS profiling.
25 [47026545121152] INFO perfrun.launcher <> - the option was added --kvm-guest-kallsyms: Specify a local path to the /proc/kallsyms file copied from the guest OS for proper symbol resolution.
25 [47026545121152] INFO perfrun.launcher <> - the option was added --kvm-guest-modules: Specify a local path to the /proc/modules file copied from the guest OS for proper symbol resolution.
25 [47026545121152] INFO perfrun.launcher <> - the option was added --target-system: BADMSG: perfrun1.launcher.plugin_manager::target-system
25 [47026545121152] INFO perfrun.launcher <> - the option was added --dump-vdso: Dump [vdso] to result directory
25 [47026545121152] INFO perfrun.launcher <> - the option was added --bandwidth-limits: Measure bandwidth limits
25 [47026545121152] INFO perfrun.launcher <> - the option was added --bandwidth-strategy: Bandwidth limits determination specific properties (example: --bandwidth-strategy array-size=0,duration=500).
25 [47026545121152] INFO perfrun.launcher <> - the option was added --bandwidth-config: List of benchmarks to run.
25 [47026545121152] INFO perfrun.launcher <> - the option was added --benchmark-sync: Run synchronized bandwidth measurement.
25 [47026545121152] INFO perfrun.launcher <> - the option was added --system-collector-config: Specify subcollectors. Possible values: all, vdso, container, device-info, none.
26 [47026545121152] INFO perfrun.launcher <> - the option was added --stackwalk: Specify stack unwinding method. Possible values: online - unwind stacks during collection; offline - unwind stacks after collection is finished.
26 [47026545121152] INFO perfrun.launcher <> - the option was added --filter-include: Filter data during collection. Possible values: contended=<on|off> - filter out uncontended events; contended_nostack=<time> - filter out stacks for contended events that take less than <time> microseconds; wait=<time> - ignore transitions and blocks with wait time less than <time> microseconds; wait_nostack=<time> - filter out stacks for waits that take less than <time> microseconds.
26 [47026545121152] INFO perfrun.launcher <> - the option was added --debug-pin: Debug PIN tool and runtime.
26 [47026545121152] INFO perfrun.launcher <> - the option was added --debug-exception: Disallow the application to set own abnormal termination handler.
26 [47026545121152] INFO perfrun.launcher <> - the option was added --trace-type: Specify the trace file granularity. Possible values: per-thread - per-thread trace file generation; per-process - per-process trace file generation.
26 [47026545121152] INFO perfrun.launcher <> - the option was added --instrumentation-type: Specify type of instrumentation.
26 [47026545121152] INFO perfrun.launcher <> - the option was added --altstack: Enable or disable usage of altstacks for profiling signal handlers.
26 [47026545121152] INFO perfrun.launcher <> - the option was added --profiling-signal: Alternate profiling signal.
26 [47026545121152] INFO perfrun.launcher <> - the option was added --memory-strategy: Specify a minimal memory object size to be traced and a hash table size for faster objects search; for example: --memory-strategy obj-size-min=1024,hash-table-size=4096.
26 [47026545121152] TRACE perfrun.launcher <> - Update configuration: tmp directory = /tmp/advixe-tmp-md16024
26 [47026545121152] TRACE perfrun.launcher <> - EXIT:  Initialize the launcher
27 [47026545121152] TRACE perfrun.launcher <> - ENTER: void runtool::CmdLineParser::parseOptionFile(const std::basic_string<char, std::char_traits<char>, std::allocator<char>> &)
28 [47026545121152] TRACE perfrun.launcher <> - EXIT:  void runtool::CmdLineParser::parseOptionFile(const std::basic_string<char, std::char_traits<char>, std::allocator<char>> &)
28 [47026545121152] INFO perfrun.launcher <> - create msngr2::ICliToolContext
28 [47026545121152] TRACE perfrun.launcher <> - ENTER: void runtool::CmdLineParser::validateParseResult() const
28 [47026545121152] TRACE perfrun.launcher <> - EXIT:  void runtool::CmdLineParser::validateParseResult() const
28 [47026545121152] TRACE perfrun.launcher <> - ENTER: void runtool::CmdLineParser::populate(runtool::IConfiguration *) const
28 [47026545121152] TRACE perfrun.launcher <> - Update configuration: action = start
28 [47026545121152] TRACE perfrun.launcher <> - Update configuration: collection type = launcher
28 [47026545121152] TRACE perfrun.launcher <> - Update configuration: quiet mode is enabled
28 [47026545121152] TRACE perfrun.launcher <> - Update configuration: compression level = 2
28 [47026545121152] TRACE perfrun.launcher <> - Update configuration: duration = 0 sec
28 [47026545121152] TRACE perfrun.launcher <> - Update configuration: data limit = 524288000 bytes
28 [47026545121152] TRACE perfrun.launcher <> - Update configuration: disc space limit = 0 bytes
28 [47026545121152] TRACE perfrun.launcher <> - Update configuration: return-app-exitcode = false
28 [47026545121152] TRACE perfrun.launcher <> - Update configuration: result directory = /mnt/storage/home/md16024/intro-hpc-stencil/output/e000/hs000
28 [47026545121152] TRACE perfrun.launcher <> - Update configuration: application = stencil
28 [47026545121152] TRACE perfrun.launcher <> - [IN] option = interval; value = 10 !u32_t
28 [47026545121152] TRACE perfrun.launcher <> - [IN] option = follow-child; value = true !bool
28 [47026545121152] TRACE perfrun.launcher <> - [IN] option = gelding; value = false !bool
28 [47026545121152] TRACE perfrun.launcher <> - [IN] option = time-source; value = auto !ustring
28 [47026545121152] TRACE perfrun.launcher <> - [IN] option = stack; value = true !bool
28 [47026545121152] TRACE perfrun.launcher <> - [IN] option = stack-stitching; value = true !bool
28 [47026545121152] TRACE perfrun.launcher <> - [IN] option = type; value = cpu:stack !ustring
28 [47026545121152] TRACE perfrun.launcher <> - [IN] option = mrte-mode; value = auto !ustring
28 [47026545121152] TRACE perfrun.launcher <> - [IN] option = mrte-type; value = java !ustring
28 [47026545121152] TRACE perfrun.launcher <> - [IN] option = mrte-type; value = python !ustring
28 [47026545121152] TRACE perfrun.launcher <> - [IN] option = trace-strategy; value = ld-linux.so.2:notrace:notrace !ustring
28 [47026545121152] TRACE perfrun.launcher <> - [IN] option = trace-strategy; value = ld-linux-x86-64.so.2:notrace:notrace !ustring
28 [47026545121152] TRACE perfrun.launcher <> - [IN] option = collector; value = sep !ustring
28 [47026545121152] TRACE perfrun.launcher <> - [IN] option = system-wide; value = false !bool
28 [47026545121152] TRACE perfrun.launcher <> - [IN] option = kvm-guest; value = false !bool
28 [47026545121152] TRACE perfrun.launcher <> - [IN] option = bandwidth-limits; value = false !bool
28 [47026545121152] TRACE perfrun.launcher <> - [IN] option = benchmark-sync; value = false !bool
28 [47026545121152] TRACE perfrun.launcher <> - [IN] option = system-collector-config; value = all !ustring
28 [47026545121152] TRACE perfrun.launcher <> - [IN] option = stackwalk; value = offline !ustring
28 [47026545121152] TRACE perfrun.launcher <> - [IN] option = trace-type; value = per-thread !ustring
28 [47026545121152] TRACE perfrun.launcher <> - [IN] option = instrumentation-type; value = pin !ustring
28 [47026545121152] TRACE perfrun.launcher <> - [IN] option = altstack; value = true !bool
28 [47026545121152] TRACE perfrun.launcher <> - EXIT:  void runtool::CmdLineParser::populate(runtool::IConfiguration *) const
28 [47026660710144] TRACE perfrun.tpss <> - ENTER: void runtool::tpss::Controller::setMessageChannel(runtool::sdk::IMessageChannel *)
28 [47026660710144] TRACE perfrun.tpss <> - EXIT:  void runtool::tpss::Controller::setMessageChannel(runtool::sdk::IMessageChannel *)
28 [47026545121152] INFO perfrun.launcher <> - create file finder object
28 [47026660710144] TRACE perfrun.tpss <> - ENTER: void runtool::tpss::Controller::setRequestHandler(runtool::sdk::IRequestHandler *)
28 [47026660710144] TRACE perfrun.tpss <> - EXIT:  void runtool::tpss::Controller::setRequestHandler(runtool::sdk::IRequestHandler *)
28 [47026545121152] TRACE perfrun.launcher <> - Handle the user request: action = 0
28 [47026545121152] TRACE perfrun.launcher <> - ENTER: int runtool::Launcher::doStart()
28 [47026545121152] TRACE perfrun.launcher <> - ENTER: void runtool::Launcher::prepareLaunch()
28 [47026545121152] TRACE perfrun.launcher <> - ENTER: void runtool::Launcher::prepareResultDirectory()
28 [47026545121152] INFO perfrun.launcher <> - create a result directory: pattern = /mnt/storage/home/md16024/intro-hpc-stencil/output/e000/hs000 pid = 4294967295
31 [47026545121152] TRACE perfrun.sdk <> - ENTER: bool runtool::sdk::DirectoryInfo::isLocal() const
31 [47026545121152] INFO perfrun.sdk <> - checked that the directory /mnt/storage/home/md16024/intro-hpc-stencil/output/e000/hs000 is a local directory
31 [47026545121152] INFO perfrun.sdk <> - the directory /mnt/storage/home/md16024/intro-hpc-stencil/output/e000/hs000 is located on a share or its FS ID is unknown 1196443219
31 [47026545121152] TRACE perfrun.sdk <> - EXIT:  bool runtool::sdk::DirectoryInfo::isLocal() const
32 [47026545121152] INFO perfrun.launcher <> - Create a local result directory /tmp/advixe-tmp-md16024/advixe-res-29476-64504282619114901 due to the user result path /mnt/storage/home/md16024/intro-hpc-stencil/output/e000/hs000 is located on a share
32 [47026545121152] TRACE perfrun.launcher <> - Update configuration: result directory = /tmp/advixe-tmp-md16024/advixe-res-29476-64504282619114901
32 [47026545121152] INFO perfrun.launcher <> - create data directory = /tmp/advixe-tmp-md16024/advixe-res-29476-64504282619114901/data.0
32 [47026545121152] INFO perfrun.launcher <> - create data directory = /mnt/storage/home/md16024/intro-hpc-stencil/output/e000/hs000/data.0
32 [47026545121152] TRACE perfrun.launcher <> - Update configuration: data directory = /tmp/advixe-tmp-md16024/advixe-res-29476-64504282619114901/data.0
32 [47026545121152] TRACE perfrun.launcher <> - EXIT:  void runtool::Launcher::prepareResultDirectory()
34 [47026545121152] TRACE perfrun.launcher <> - IMessenger: send collection state with state = 11
34 [47026660710144] TRACE perfrun.launcher <> - Update configuration: follow child = 1
36 [47026660710144] TRACE perfrun.launcher <> - Update configuration: time source = 0
36 [47026660710144] TRACE perfrun.launcher <> - Update configuration: stack = 1
36 [47026660710144] TRACE perfrun.launcher <> - Update configuration: gelding = 0
36 [47026660710144] TRACE perfrun.launcher <> - Update configuration: stack stitching = 1
36 [47026660710144] TRACE perfrun.system <> - ENTER: int runtool::system::Controller::initialize(runtool::sdk::IConfiguration *)
36 [47026660710144] TRACE perfrun.system <> - ENTER: int runtool::system::TraceWriter::initialize(runtool::sdk::IConfiguration *, runtool::system::TraceWriter::Settings *)
36 [47026660710144] TRACE perfrun.sdk <> - 0x7924a02
39 [47026660710144] TRACE perfrun.sdk <> - ENTER: runtool::sdk::TraceFile::TraceFile(tpss_tmu_creator *, unsigned int, const std::basic_string<char, std::char_traits<char>, std::allocator<char>> &, bool)
39 [47026660710144] INFO perfrun.sdk <> - Allocating TMU :/tmp/advixe-tmp-md16024/advixe-res-29476-64504282619114901/data.0/systemcollector-29476-bc4login2.bc4.acrc.priv.sc
39 [47026660710144] TRACE perfrun.sdk <> - EXIT:  runtool::sdk::TraceFile::TraceFile(tpss_tmu_creator *, unsigned int, const std::basic_string<char, std::char_traits<char>, std::allocator<char>> &, bool)
39 [47026660710144] TRACE perfrun.system <> - EXIT:  int runtool::system::TraceWriter::initialize(runtool::sdk::IConfiguration *, runtool::system::TraceWriter::Settings *)
39 [47026660710144] TRACE perfrun.system <> - EXIT:  int runtool::system::Controller::initialize(runtool::sdk::IConfiguration *)
39 [47026660710144] INFO perfrun.launcher <> - plugin [] was disabled because it doesn't support the given collection type.
39 [47026660710144] INFO perfrun.launcher <> - plugin [] was disabled because it doesn't support the given collection type.
39 [47026660710144] INFO perfrun.launcher <> - plugin [] was disabled because it doesn't support the given collection type.
39 [47026660710144] INFO perfrun.launcher <> - plugin [] was disabled because it doesn't support the given collection type.
39 [47026660710144] INFO perfrun.launcher <> - plugin [] was disabled because it doesn't support the given collection type.
39 [47026660710144] INFO perfrun.launcher <> - plugin [] was disabled because it doesn't support the given collection type.
39 [47026660710144] TRACE perfrun.mrte <> - ENTER: int runtool::mrte::Controller::initialize(runtool::sdk::IConfiguration *)
39 [47026660710144] TRACE perfrun.mrte <> - EXIT:  int runtool::mrte::Controller::initialize(runtool::sdk::IConfiguration *)
39 [47026660710144] INFO perfrun.launcher <> - plugin [mrte] was disabled because it doesn't support the given collection type.
39 [47026660710144] INFO perfrun.launcher <> - plugin [] was disabled because it doesn't support the given collection type.
39 [47026660710144] INFO perfrun.launcher <> - plugin [] was disabled because it doesn't support the given collection type.
39 [47026660710144] INFO perfrun.launcher <> - plugin [] was disabled because it doesn't support the given collection type.
39 [47026660710144] INFO perfrun.launcher <> - plugin [] was disabled because it doesn't support the given collection type.
39 [47026660710144] INFO perfrun.launcher <> - plugin [] was disabled because it doesn't support the given collection type.
39 [47026660710144] TRACE perfrun.tpss <> - ENTER: int runtool::tpss::Controller::initialize(runtool::sdk::IConfiguration *)
39 [47026660710144] INFO perfrun.tpss <> - initialize tpss controller
39 [47026660710144] TRACE perfrun.tpss <> - ENTER: bool runtool::tpss::Controller::configureCollectionMode(const std::basic_string<char, std::char_traits<char>, std::allocator<char>> &)
39 [47026660710144] INFO perfrun.tpss <> - configure collection mode: value = cpu:stack
39 [47026660710144] TRACE perfrun.tpss <> - EXIT:  bool runtool::tpss::Controller::configureCollectionMode(const std::basic_string<char, std::char_traits<char>, std::allocator<char>> &)
39 [47026660710144] TRACE perfrun.tpss <> - ENTER: tpss::trace_file_t runtool::tpss::castTraceFileType(const gen_helpers2::variant_t &)
39 [47026660710144] TRACE perfrun.tpss <> - EXIT:  tpss::trace_file_t runtool::tpss::castTraceFileType(const gen_helpers2::variant_t &)
39 [47026660710144] INFO perfrun.tpss <> - default obj-size-min=1024
39 [47026660710144] INFO perfrun.tpss <> - default hash-table-size=0
39 [47026660710144] TRACE perfrun.tpss <> - EXIT:  int runtool::tpss::Controller::initialize(runtool::sdk::IConfiguration *)
39 [47026660710144] INFO perfrun.launcher <> - plugin [] was disabled because it doesn't support the given collection type.
39 [47026660710144] INFO perfrun.launcher <> - plugin [] was disabled because it doesn't support the given collection type.
39 [47026660710144] INFO perfrun.launcher <> - plugin [] was disabled because it doesn't support the given collection type.
39 [47026660710144] INFO perfrun.launcher <> - plugin [] was disabled because it doesn't support the given collection type.
39 [47026660710144] INFO perfrun.launcher <> - plugin [] was disabled because it doesn't support the given collection type.
39 [47026660710144] INFO perfrun.launcher <> - plugin [] was disabled because it doesn't support the given collection type.
39 [47026545121152] TRACE perfrun.launcher <> - RpcServer was created for IPC filename = /mnt/storage/home/md16024/intro-hpc-stencil/output/e000/hs000/runtool.29476.ipc
40 [47026545121152] TRACE perfrun.launcher <> - RpcServer: setup all handlers at once
40 [47026545121152] TRACE perfrun.launcher <> - RpcServer: setup a handler for ICancelRequest
40 [47026545121152] TRACE perfrun.launcher <> - RpcServer: setup a handler for IPauseRequest
40 [47026545121152] TRACE perfrun.launcher <> - RpcServer: setup a handler for IResumeRequest
40 [47026545121152] TRACE perfrun.launcher <> - RpcServer: setup a handler for IStopRequest
40 [47026545121152] TRACE perfrun.launcher <> - RpcServer: setup a handler for IStatusRequest
40 [47026545121152] TRACE perfrun.launcher <> - RpcServer: setup a handler for IDetachRequest
40 [47026545121152] TRACE perfrun.launcher <> - RpcServer: setup a handler for IMarkRequest
40 [47026545121152] INFO perfrun.launcher <> - RpcServer: run RPC server to handle requests
40 [47026545121152] DEBUG perfrun.launcher <> - RpcServer: wrote information about the RPC server into the IPC file
40 [47026545121152] TRACE perfrun.launcher <> - EXIT:  void runtool::Launcher::prepareLaunch()
40 [47026766485248] TRACE perfrun.launcher <> - ENTER: RpcServer: the main loop handles RPC requests  from clients
40 [47026545121152] TRACE perfrun.launcher <> - EXIT:  int runtool::Launcher::doStart()
40 [47026545121152] TRACE perfrun.launcher <> - IMessenger: send message with severity = 4 and msg = Binary `stencil' cannot be executed. Suggestion: Make sure the file exists, specified location is correct, and you have privileges to run the file.
40 [47026545121152] ERROR perfrun.launcher <> - Messenger::say: Binary `stencil' cannot be executed. Suggestion: Make sure the file exists, specified location is correct, and you have privileges to run the file.
40 [47026545121152] TRACE perfrun.launcher <> - IMessenger: send collection state with state = 8
40 [47026545121152] INFO perfrun.launcher <> - Application exit code: 0
41 [47026545121152] INFO perfrun.launcher <> - Exit code: 1
41 [47026545121152] TRACE perfrun.launcher <> - EXIT:  Start the collection
41 [47026545121152] TRACE perfrun.launcher <> - ENTER: Destroy the launcher...
41 [47026545121152] TRACE perfrun.launcher <> - EXIT:  Destroy the launcher...
41 [47026545121152] TRACE perfrun.launcher <> - ENTER: runtool::RpcServer::~RpcServer()
41 [47026545121152] TRACE perfrun.launcher <> - ENTER: void runtool::RpcServer::stop()
41 [47026545121152] TRACE perfrun.launcher <> - ENTER: Send RPC request
41 [47026766485248] TRACE perfrun.launcher <> - ENTER: Receive RPC request
41 [47026545121152] TRACE perfrun.launcher <> - header and body of the message was send: header = 22 serialization::archive 10 0 0 8 0 0 0 0; body = 22 serialization::archive 10 0 0 8 0 0 0 0
41 [47026766485248] TRACE perfrun.launcher <> - header of the message was received: size = 8; message =       2a
41 [47026545121152] TRACE perfrun.launcher <> - EXIT:  Send RPC request
41 [47026766485248] TRACE perfrun.launcher <> - body of the message was received: size = 42; message = 22 serialization::archive 10 0 0 8 0 0 0 0
41 [47026766485248] TRACE perfrun.launcher <> - EXIT:  Receive RPC request
41 [47026766485248] TRACE perfrun.launcher <> - EXIT:  RpcServer: the main loop handles RPC requests  from clients
41 [47026545121152] TRACE perfrun.launcher <> - EXIT:  void runtool::RpcServer::stop()
41 [47026545121152] TRACE perfrun.launcher <> - EXIT:  runtool::RpcServer::~RpcServer()
41 [47026545121152] TRACE perfrun.launcher <> - PluginManagerProxy::doOperation thread was terminated.
42 [47026545121152] TRACE perfrun.launcher <> - EXIT:  int main(int, char **)
